<?xml version="1.0" encoding="UTF-8"?>
<!-- Generated by org.testng.reporters.JUnitReportReporter -->
<testsuite hostname="DESKTOP-8U5VMIE" name="test_Scripts_Facebook.Facebook" tests="1" failures="0" timestamp="7 Jul 2020 12:10:57 GMT" time="36.922" errors="0">
  <testcase name="testLogin" time="36.922" classname="test_Scripts_Facebook.Facebook"/>
</testsuite> <!-- test_Scripts_Facebook.Facebook -->
